09:51:35 **** Incremental Build of configuration x86_64-debug for project traffic_light ****
make -j4 all 
qcc -Vgcc_ntox86_64 -c -Wp,-MMD,build/x86_64-debug/src/traffic_light.d,-MT,build/x86_64-debug/src/traffic_light.o -o build/x86_64-debug/src/traffic_light.o  -Wall -fmessage-length=0 -g -O0 -fno-builtin  src/traffic_light.c
src/traffic_light.c: In function 'updateLights':
src/traffic_light.c:554:18: warning: unused variable 'io_id' [-Wunused-variable]
  struct s_io_id *io_id = &traffic_control_data->io_id;
                  ^
src/traffic_light.c: In function 'sensorPoll':
src/traffic_light.c:612:18: warning: unused variable 'io_id' [-Wunused-variable]
  struct s_io_id *io_id = &traffic_control_data->io_id;
                  ^
src/traffic_light.c: In function 'printTrafficState':
src/traffic_light.c:700:2: warning: enumeration value 'GATE_CLOSED_INIT' not handled in switch [-Wswitch]
  switch(state)
  ^
src/traffic_light.c:700:2: warning: enumeration value 'GATE_OPEN' not handled in switch [-Wswitch]
src/traffic_light.c:700:2: warning: enumeration value 'GATE_CLOSED' not handled in switch [-Wswitch]
src/traffic_light.c:700:2: warning: enumeration value 'RAIL_ERROR' not handled in switch [-Wswitch]
src/traffic_light.c: In function 'railServer':
src/traffic_light.c:821:30: warning: unused variable 'rail_message' [-Wunused-variable]
  struct s_rail_message_data *rail_message =  (struct s_rail_message_data*) &rail_data->message_data;
                              ^
qcc -Vgcc_ntox86_64 -o build/x86_64-debug/traffic_light   build/x86_64-debug/src/traffic_light.o  
10:10:39 **** Build of configuration armv7le-debug for project rail_crossing ****
make -j4 all 
qcc -Vgcc_ntoarmv7le -c -Wp,-MMD,build/armv7le-debug/src/rail_crossing.d,-MT,build/armv7le-debug/src/rail_crossing.o -o build/armv7le-debug/src/rail_crossing.o  -Wall -fmessage-length=0 -g -O0 -fno-builtin  src/rail_crossing.c
src/rail_crossing.c: In function 'connectClientToServer':
src/rail_crossing.c:200:54: error: 'TRAFFIC_ATTACH_POINT_1' undeclared (first use in this function)
    printf("Trying to connect to server named: %s\n", TRAFFIC_ATTACH_POINT_1);
                                                      ^
src/rail_crossing.c:200:54: note: each undeclared identifier is reported only once for each function it appears in
src/rail_crossing.c:219:54: error: 'TRAFFIC_ATTACH_POINT_2' undeclared (first use in this function)
    printf("Trying to connect to server named: %s\n", TRAFFIC_ATTACH_POINT_2);
                                                      ^
src/rail_crossing.c: In function 'initialiseRailCrossingData':
src/rail_crossing.c:287:25: error: 'struct s_rail_message_data' has no member named 'override_active_flag'
  rail_data->message_data.override_active_flag = 0;
                         ^
src/rail_crossing.c:288:25: error: 'struct s_rail_message_data' has no member named 'override_new_state'
Makefile:55: recipe for target 'build/armv7le-debug/src/rail_crossing.o' failed
  rail_data->message_data.override_new_state = RAIL_ERROR;
                         ^
src/rail_crossing.c: In function 'railCrossingControl':
src/rail_crossing.c:389:31: error: 'struct s_rail_message_data' has no member named 'override_active_flag'
     if(rail_data->message_data.override_active_flag)
                               ^
src/rail_crossing.c: In function 'overrideServer':
src/rail_crossing.c:690:33: error: request for member 'hdr' in something not a structure or union
            switch (override_data.hdr.code)
                                 ^
src/rail_crossing.c:698:91: error: request for member 'ClientID' in something not a structure or union
         printf("\nOverrideServer was told to Detach from ClientID:%d ...\n", override_data.ClientID);
                                                                                           ^
src/rail_crossing.c:704:110: error: request for member 'ClientID' in something not a structure or union
         printf("\nOverrideServer received Detach pulse from ClientID:%d but rejected it ...\n", override_data.ClientID);
                                                                                                              ^
src/rail_crossing.c:736:23: error: request for member 'hdr' in something not a structure or union
      if (override_data.hdr.type == _IO_CONNECT)
                       ^
src/rail_crossing.c:743:23: error: request for member 'hdr' in something not a structure or union
      if (override_data.hdr.type > _IO_BASE && override_data.hdr.type <= _IO_MAX )
                       ^
src/rail_crossing.c:743:60: error: request for member 'hdr' in something not a structure or union
      if (override_data.hdr.type > _IO_BASE && override_data.hdr.type <= _IO_MAX )
                                                            ^
src/rail_crossing.c:759:29: error: 'traffic_control' undeclared (first use in this function)
      pthread_rwlock_rdlock(&traffic_control->traffic_timing.rwlock);
                             ^
src/rail_crossing.c:771:6: warning: implicit declaration of function 'printRailState' [-Wimplicit-function-declaration]
      printRailState(rail_data);
      ^
cc: /home/user/qnx700/host/linux/x86_64/usr/lib/gcc/arm-unknown-nto-qnx7.0.0eabi/5.4.0/cc1 error 1
make: *** [build/armv7le-debug/src/rail_crossing.o] Error 1
10:10:58 **** Incremental Build of configuration armv7le-debug for project rail_crossing ****
make -j4 all 
qcc -Vgcc_ntoarmv7le -c -Wp,-MMD,build/armv7le-debug/src/rail_crossing.d,-MT,build/armv7le-debug/src/rail_crossing.o -o build/armv7le-debug/src/rail_crossing.o  -Wall -fmessage-length=0 -g -O0 -fno-builtin  src/rail_crossing.c
src/rail_crossing.c: In function 'connectClientToServer':
src/rail_crossing.c:200:54: error: 'TRAFFIC_ATTACH_POINT_1' undeclared (first use in this function)
    printf("Trying to connect to server named: %s\n", TRAFFIC_ATTACH_POINT_1);
                                                      ^
src/rail_crossing.c:200:54: note: each undeclared identifier is reported only once for each function it appears in
src/rail_crossing.c:219:54: error: 'TRAFFIC_ATTACH_POINT_2' undeclared (first use in this function)
    printf("Trying to connect to server named: %s\n", TRAFFIC_ATTACH_POINT_2);
                                                      ^
src/rail_crossing.c: In function 'initialiseRailCrossingData':
src/rail_crossing.c:287:11: error: 'struct s_rail_data' has no member named 'override_handler'
  rail_data->override_handler.override_active_flag = 0;
           ^
src/rail_crossing.c:288:11: error: 'struct s_rail_data' has no member named 'override_handler'
  rail_data->override_handler.override_new_state = RAIL_ERROR;
           ^
src/rail_crossing.c: In function 'railCrossingControl':
src/rail_crossing.c:389:31: error: 'struct s_rail_message_data' has no member named 'override_active_flag'
     if(rail_data->message_data.override_active_flag)
                               ^
src/rail_crossing.c: In function 'overrideServer':
src/rail_crossing.c:690:33: error: request for member 'hdr' in something not a structure or union
            switch (override_data.hdr.code)
                                 ^
src/rail_crossing.c:698:91: error: request for member 'ClientID' in something not a structure or union
         printf("\nOverrideServer was told to Detach from ClientID:%d ...\n", override_data.ClientID);
                                                                                           ^
src/rail_crossing.c:704:110: error: request for member 'ClientID' in something not a structure or union
         printf("\nOverrideServer received Detach pulse from ClientID:%d but rejected it ...\n", override_data.ClientID);
                                                                                                              ^
src/rail_crossing.c:736:23: error: request for member 'hdr' in something not a structure or union
      if (override_data.hdr.type == _IO_CONNECT)
                       ^
src/rail_crossing.c:743:23: error: request for member 'hdr' in something not a structure or union
      if (override_data.hdr.type > _IO_BASE && override_data.hdr.type <= _IO_MAX )
                       ^
src/rail_crossing.c:743:60: error: request for member 'hdr' in something not a structure or union
      if (override_data.hdr.type > _IO_BASE && override_data.hdr.type <= _IO_MAX )
                                                            ^
src/rail_crossing.c:759:29: error: 'traffic_control' undeclared (first use in this function)
      pthread_rwlock_rdlock(&traffic_control->traffic_timing.rwlock);
                             ^
src/rail_crossing.c:771:6: warning: implicit declaration of function 'printRailState' [-Wimplicit-function-declaration]
      printRailState(rail_data);
      ^
cc: /home/user/qnx700/host/linux/x86_64/usr/lib/gcc/arm-unknown-nto-qnx7.0.0eabi/5.4.0/cc1 error 1
Makefile:55: recipe for target 'build/armv7le-debug/src/rail_crossing.o' failed
make: *** [build/armv7le-debug/src/rail_crossing.o] Error 1
10:11:17 **** Incremental Build of configuration armv7le-debug for project rail_crossing ****
make -j4 all 
qcc -Vgcc_ntoarmv7le -c -Wp,-MMD,build/armv7le-debug/src/rail_crossing.d,-MT,build/armv7le-debug/src/rail_crossing.o -o build/armv7le-debug/src/rail_crossing.o  -Wall -fmessage-length=0 -g -O0 -fno-builtin  src/rail_crossing.c
src/rail_crossing.c: In function 'connectClientToServer':
src/rail_crossing.c:200:54: error: 'TRAFFIC_ATTACH_POINT_1' undeclared (first use in this function)
    printf("Trying to connect to server named: %s\n", TRAFFIC_ATTACH_POINT_1);
                                                      ^
src/rail_crossing.c:200:54: note: each undeclared identifier is reported only once for each function it appears in
src/rail_crossing.c:219:54: error: 'TRAFFIC_ATTACH_POINT_2' undeclared (first use in this function)
    printf("Trying to connect to server named: %s\n", TRAFFIC_ATTACH_POINT_2);
                                                      ^
src/rail_crossing.c: In function 'railCrossingControl':
src/rail_crossing.c:389:31: error: 'struct s_rail_message_data' has no member named 'override_active_flag'
     if(rail_data->message_data.override_active_flag)
                               ^
src/rail_crossing.c: In function 'overrideServer':
src/rail_crossing.c:690:33: error: request for member 'hdr' in something not a structure or union
            switch (override_data.hdr.code)
                                 ^
src/rail_crossing.c:698:91: error: request for member 'ClientID' in something not a structure or union
         printf("\nOverrideServer was told to Detach from ClientID:%d ...\n", override_data.ClientID);
                                                                                           ^
src/rail_crossing.c:704:110: error: request for member 'ClientID' in something not a structure or union
         printf("\nOverrideServer received Detach pulse from ClientID:%d but rejected it ...\n", override_data.ClientID);
                                                                                                              ^
src/rail_crossing.c:736:23: error: request for member 'hdr' in something not a structure or union
      if (override_data.hdr.type == _IO_CONNECT)
                       ^
src/rail_crossing.c:743:23: error: request for member 'hdr' in something not a structure or union
      if (override_data.hdr.type > _IO_BASE && override_data.hdr.type <= _IO_MAX )
                       ^
src/rail_crossing.c:743:60: error: request for member 'hdr' in something not a structure or union
      if (override_data.hdr.type > _IO_BASE && override_data.hdr.type <= _IO_MAX )
                                                            ^
src/rail_crossing.c:759:29: error: 'traffic_control' undeclared (first use in this function)
      pthread_rwlock_rdlock(&traffic_control->traffic_timing.rwlock);
                             ^
src/rail_crossing.c:771:6: warning: implicit declaration of function 'printRailState' [-Wimplicit-function-declaration]
      printRailState(rail_data);
      ^
cc: /home/user/qnx700/host/linux/x86_64/usr/lib/gcc/arm-unknown-nto-qnx7.0.0eabi/5.4.0/cc1 error 1
make: *** [build/armv7le-debug/src/rail_crossing.o] Error 1
Makefile:55: recipe for target 'build/armv7le-debug/src/rail_crossing.o' failed
10:12:06 **** Incremental Build of configuration armv7le-debug for project rail_crossing ****
make -j4 all 
qcc -Vgcc_ntoarmv7le -c -Wp,-MMD,build/armv7le-debug/src/rail_crossing.d,-MT,build/armv7le-debug/src/rail_crossing.o -o build/armv7le-debug/src/rail_crossing.o  -Wall -fmessage-length=0 -g -O0 -fno-builtin  src/rail_crossing.c
src/rail_crossing.c: In function 'connectClientToServer':
src/rail_crossing.c:200:54: error: 'TRAFFIC_ATTACH_POINT_1' undeclared (first use in this function)
    printf("Trying to connect to server named: %s\n", TRAFFIC_ATTACH_POINT_1);
                                                      ^
src/rail_crossing.c:200:54: note: each undeclared identifier is reported only once for each function it appears in
src/rail_crossing.c:219:54: error: 'TRAFFIC_ATTACH_POINT_2' undeclared (first use in this function)
    printf("Trying to connect to server named: %s\n", TRAFFIC_ATTACH_POINT_2);
                                                      ^
src/rail_crossing.c: At top level:
src/rail_crossing.c:469:1: error: expected identifier or '(' before '}' token
 }
 ^
src/rail_crossing.c: In function 'overrideServer':
src/rail_crossing.c:692:33: error: request for member 'hdr' in something not a structure or union
            switch (override_data.hdr.code)
                                 ^
src/rail_crossing.c:700:91: error: request for member 'ClientID' in something not a structure or union
         printf("\nOverrideServer was told to Detach from ClientID:%d ...\n", override_data.ClientID);
                                                                                           ^
src/rail_crossing.c:706:110: error: request for member 'ClientID' in something not a structure or union
         printf("\nOverrideServer received Detach pulse from ClientID:%d but rejected it ...\n", override_data.ClientID);
                                                                                                              ^
src/rail_crossing.c:738:23: error: request for member 'hdr' in something not a structure or union
      if (override_data.hdr.type == _IO_CONNECT)
                       ^
src/rail_crossing.c:745:23: error: request for member 'hdr' in something not a structure or union
      if (override_data.hdr.type > _IO_BASE && override_data.hdr.type <= _IO_MAX )
                       ^
src/rail_crossing.c:745:60: error: request for member 'hdr' in something not a structure or union
      if (override_data.hdr.type > _IO_BASE && override_data.hdr.type <= _IO_MAX )
                                                            ^
src/rail_crossing.c:761:29: error: 'traffic_control' undeclared (first use in this function)
      pthread_rwlock_rdlock(&traffic_control->traffic_timing.rwlock);
                             ^
src/rail_crossing.c:773:6: warning: implicit declaration of function 'printRailState' [-Wimplicit-function-declaration]
      printRailState(rail_data);
      ^
cc: /home/user/qnx700/host/linux/x86_64/usr/lib/gcc/arm-unknown-nto-qnx7.0.0eabi/5.4.0/cc1 error 1
make: *** [build/armv7le-debug/src/rail_crossing.o] Error 1
Makefile:55: recipe for target 'build/armv7le-debug/src/rail_crossing.o' failed
10:12:55 **** Incremental Build of configuration armv7le-debug for project rail_crossing ****
make -j4 all 
qcc -Vgcc_ntoarmv7le -c -Wp,-MMD,build/armv7le-debug/src/rail_crossing.d,-MT,build/armv7le-debug/src/rail_crossing.o -o build/armv7le-debug/src/rail_crossing.o  -Wall -fmessage-length=0 -g -O0 -fno-builtin  src/rail_crossing.c
src/rail_crossing.c: In function 'connectClientToServer':
src/rail_crossing.c:220:34: error: 'TRAFFIC_ATTACH_POINT_2' undeclared (first use in this function)
    if((server_coid_2 = name_open(TRAFFIC_ATTACH_POINT_2, 0)) == -1)
                                  ^
src/rail_crossing.c:220:34: note: each undeclared identifier is reported only once for each function it appears in
src/rail_crossing.c: At top level:
src/rail_crossing.c:469:1: error: expected identifier or '(' before '}' token
 }
 ^
src/rail_crossing.c: In function 'overrideServer':
src/rail_crossing.c:692:33: error: request for member 'hdr' in something not a structure or union
            switch (override_data.hdr.code)
                                 ^
src/rail_crossing.c:700:91: error: request for member 'ClientID' in something not a structure or union
         printf("\nOverrideServer was told to Detach from ClientID:%d ...\n", override_data.ClientID);
                                                                                           ^
src/rail_crossing.c:706:110: error: request for member 'ClientID' in something not a structure or union
         printf("\nOverrideServer received Detach pulse from ClientID:%d but rejected it ...\n", override_data.ClientID);
                                                                                                              ^
src/rail_crossing.c:738:23: error: request for member 'hdr' in something not a structure or union
      if (override_data.hdr.type == _IO_CONNECT)
                       ^
src/rail_crossing.c:745:23: error: request for member 'hdr' in something not a structure or union
      if (override_data.hdr.type > _IO_BASE && override_data.hdr.type <= _IO_MAX )
                       ^
src/rail_crossing.c:745:60: error: request for member 'hdr' in something not a structure or union
      if (override_data.hdr.type > _IO_BASE && override_data.hdr.type <= _IO_MAX )
                                                            ^
src/rail_crossing.c:761:29: error: 'traffic_control' undeclared (first use in this function)
      pthread_rwlock_rdlock(&traffic_control->traffic_timing.rwlock);
                             ^
src/rail_crossing.c:773:6: warning: implicit declaration of function 'printRailState' [-Wimplicit-function-declaration]
      printRailState(rail_data);
      ^
cc: /home/user/qnx700/host/linux/x86_64/usr/lib/gcc/arm-unknown-nto-qnx7.0.0eabi/5.4.0/cc1 error 1
make: *** [build/armv7le-debug/src/rail_crossing.o] Error 1
Makefile:55: recipe for target 'build/armv7le-debug/src/rail_crossing.o' failed
10:13:01 **** Incremental Build of configuration armv7le-debug for project rail_crossing ****
make -j4 all 
qcc -Vgcc_ntoarmv7le -c -Wp,-MMD,build/armv7le-debug/src/rail_crossing.d,-MT,build/armv7le-debug/src/rail_crossing.o -o build/armv7le-debug/src/rail_crossing.o  -Wall -fmessage-length=0 -g -O0 -fno-builtin  src/rail_crossing.c
src/rail_crossing.c: In function 'connectClientToServer':
src/rail_crossing.c:220:34: error: 'TRAFFIC_2_RAIL_ATTACH_POINTTRAFFIC_2_RAIL_ATTACH_POINT' undeclared (first use in this function)
    if((server_coid_2 = name_open(TRAFFIC_2_RAIL_ATTACH_POINTTRAFFIC_2_RAIL_ATTACH_POINT, 0)) == -1)
                                  ^
src/rail_crossing.c:220:34: note: each undeclared identifier is reported only once for each function it appears in
src/rail_crossing.c: At top level:
src/rail_crossing.c:469:1: error: expected identifier or '(' before '}' token
 }
 ^
src/rail_crossing.c: In function 'overrideServer':
src/rail_crossing.c:692:33: error: request for member 'hdr' in something not a structure or union
            switch (override_data.hdr.code)
                                 ^
src/rail_crossing.c:700:91: error: request for member 'ClientID' in something not a structure or union
         printf("\nOverrideServer was told to Detach from ClientID:%d ...\n", override_data.ClientID);
                                                                                           ^
src/rail_crossing.c:706:110: error: request for member 'ClientID' in something not a structure or union
         printf("\nOverrideServer received Detach pulse from ClientID:%d but rejected it ...\n", override_data.ClientID);
                                                                                                              ^
src/rail_crossing.c:738:23: error: request for member 'hdr' in something not a structure or union
      if (override_data.hdr.type == _IO_CONNECT)
                       ^
src/rail_crossing.c:745:23: error: request for member 'hdr' in something not a structure or union
      if (override_data.hdr.type > _IO_BASE && override_data.hdr.type <= _IO_MAX )
                       ^
src/rail_crossing.c:745:60: error: request for member 'hdr' in something not a structure or union
      if (override_data.hdr.type > _IO_BASE && override_data.hdr.type <= _IO_MAX )
                                                            ^
src/rail_crossing.c:761:29: error: 'traffic_control' undeclared (first use in this function)
      pthread_rwlock_rdlock(&traffic_control->traffic_timing.rwlock);
                             ^
src/rail_crossing.c:773:6: warning: implicit declaration of function 'printRailState' [-Wimplicit-function-declaration]
      printRailState(rail_data);
      ^
cc: /home/user/qnx700/host/linux/x86_64/usr/lib/gcc/arm-unknown-nto-qnx7.0.0eabi/5.4.0/cc1 error 1
Makefile:55: recipe for target 'build/armv7le-debug/src/rail_crossing.o' failed
make: *** [build/armv7le-debug/src/rail_crossing.o] Error 1
10:13:03 **** Incremental Build of configuration armv7le-debug for project rail_crossing ****
make -j4 all 
qcc -Vgcc_ntoarmv7le -c -Wp,-MMD,build/armv7le-debug/src/rail_crossing.d,-MT,build/armv7le-debug/src/rail_crossing.o -o build/armv7le-debug/src/rail_crossing.o  -Wall -fmessage-length=0 -g -O0 -fno-builtin  src/rail_crossing.c
src/rail_crossing.c:469:1: error: expected identifier or '(' before '}' token
 }
 ^
src/rail_crossing.c: In function 'overrideServer':
src/rail_crossing.c:692:33: error: request for member 'hdr' in something not a structure or union
            switch (override_data.hdr.code)
                                 ^
src/rail_crossing.c:700:91: error: request for member 'ClientID' in something not a structure or union
         printf("\nOverrideServer was told to Detach from ClientID:%d ...\n", override_data.ClientID);
                                                                                           ^
src/rail_crossing.c:706:110: error: request for member 'ClientID' in something not a structure or union
         printf("\nOverrideServer received Detach pulse from ClientID:%d but rejected it ...\n", override_data.ClientID);
                                                                                                              ^
src/rail_crossing.c:738:23: error: request for member 'hdr' in something not a structure or union
      if (override_data.hdr.type == _IO_CONNECT)
                       ^
src/rail_crossing.c:745:23: error: request for member 'hdr' in something not a structure or union
      if (override_data.hdr.type > _IO_BASE && override_data.hdr.type <= _IO_MAX )
                       ^
src/rail_crossing.c:745:60: error: request for member 'hdr' in something not a structure or union
      if (override_data.hdr.type > _IO_BASE && override_data.hdr.type <= _IO_MAX )
                                                            ^
src/rail_crossing.c:761:29: error: 'traffic_control' undeclared (first use in this function)
      pthread_rwlock_rdlock(&traffic_control->traffic_timing.rwlock);
                             ^
src/rail_crossing.c:761:29: note: each undeclared identifier is reported only once for each function it appears in
src/rail_crossing.c:773:6: warning: implicit declaration of function 'printRailState' [-Wimplicit-function-declaration]
      printRailState(rail_data);
      ^
cc: /home/user/qnx700/host/linux/x86_64/usr/lib/gcc/arm-unknown-nto-qnx7.0.0eabi/5.4.0/cc1 error 1
Makefile:55: recipe for target 'build/armv7le-debug/src/rail_crossing.o' failed
make: *** [build/armv7le-debug/src/rail_crossing.o] Error 1
10:13:36 **** Incremental Build of configuration armv7le-debug for project rail_crossing ****
make -j4 all 
qcc -Vgcc_ntoarmv7le -c -Wp,-MMD,build/armv7le-debug/src/rail_crossing.d,-MT,build/armv7le-debug/src/rail_crossing.o -o build/armv7le-debug/src/rail_crossing.o  -Wall -fmessage-length=0 -g -O0 -fno-builtin  src/rail_crossing.c
src/rail_crossing.c: In function 'overrideServer':
src/rail_crossing.c:692:33: error: request for member 'hdr' in something not a structure or union
            switch (override_data.hdr.code)
                                 ^
src/rail_crossing.c:700:91: error: request for member 'ClientID' in something not a structure or union
         printf("\nOverrideServer was told to Detach from ClientID:%d ...\n", override_data.ClientID);
                                                                                           ^
src/rail_crossing.c:706:110: error: request for member 'ClientID' in something not a structure or union
         printf("\nOverrideServer received Detach pulse from ClientID:%d but rejected it ...\n", override_data.ClientID);
                                                                                                              ^
src/rail_crossing.c:738:23: error: request for member 'hdr' in something not a structure or union
      if (override_data.hdr.type == _IO_CONNECT)
                       ^
src/rail_crossing.c:745:23: error: request for member 'hdr' in something not a structure or union
      if (override_data.hdr.type > _IO_BASE && override_data.hdr.type <= _IO_MAX )
                       ^
src/rail_crossing.c:745:60: error: request for member 'hdr' in something not a structure or union
      if (override_data.hdr.type > _IO_BASE && override_data.hdr.type <= _IO_MAX )
                                                            ^
src/rail_crossing.c:761:29: error: 'traffic_control' undeclared (first use in this function)
      pthread_rwlock_rdlock(&traffic_control->traffic_timing.rwlock);
                             ^
src/rail_crossing.c:761:29: note: each undeclared identifier is reported only once for each function it appears in
src/rail_crossing.c:773:6: warning: implicit declaration of function 'printRailState' [-Wimplicit-function-declaration]
      printRailState(rail_data);
      ^
cc: /home/user/qnx700/host/linux/x86_64/usr/lib/gcc/arm-unknown-nto-qnx7.0.0eabi/5.4.0/cc1 error 1
Makefile:55: recipe for target 'build/armv7le-debug/src/rail_crossing.o' failed
make: *** [build/armv7le-debug/src/rail_crossing.o] Error 1
10:13:57 **** Incremental Build of configuration armv7le-debug for project rail_crossing ****
make -j4 all 
qcc -Vgcc_ntoarmv7le -c -Wp,-MMD,build/armv7le-debug/src/rail_crossing.d,-MT,build/armv7le-debug/src/rail_crossing.o -o build/armv7le-debug/src/rail_crossing.o  -Wall -fmessage-length=0 -g -O0 -fno-builtin  src/rail_crossing.c
src/rail_crossing.c: In function 'overrideServer':
src/rail_crossing.c:692:33: error: request for member 'hdr' in something not a structure or union
            switch (override_data.hdr.code)
                                 ^
src/rail_crossing.c:700:91: error: request for member 'ClientID' in something not a structure or union
         printf("\nOverrideServer was told to Detach from ClientID:%d ...\n", override_data.ClientID);
                                                                                           ^
src/rail_crossing.c:706:110: error: request for member 'ClientID' in something not a structure or union
         printf("\nOverrideServer received Detach pulse from ClientID:%d but rejected it ...\n", override_data.ClientID);
                                                                                                              ^
src/rail_crossing.c:738:23: error: request for member 'hdr' in something not a structure or union
      if (override_data.hdr.type == _IO_CONNECT)
                       ^
src/rail_crossing.c:745:23: error: request for member 'hdr' in something not a structure or union
      if (override_data.hdr.type > _IO_BASE && override_data.hdr.type <= _IO_MAX )
                       ^
src/rail_crossing.c:745:60: error: request for member 'hdr' in something not a structure or union
      if (override_data.hdr.type > _IO_BASE && override_data.hdr.type <= _IO_MAX )
                                                            ^
src/rail_crossing.c:766:16: error: 'traffic_control' undeclared (first use in this function)
     startTimer(traffic_control->traffic_timing.timer_id, traffic_control->traffic_timing.yellow_timer_spec);
                ^
src/rail_crossing.c:766:16: note: each undeclared identifier is reported only once for each function it appears in
src/rail_crossing.c:773:6: warning: implicit declaration of function 'printRailState' [-Wimplicit-function-declaration]
      printRailState(rail_data);
      ^
cc: /home/user/qnx700/host/linux/x86_64/usr/lib/gcc/arm-unknown-nto-qnx7.0.0eabi/5.4.0/cc1 error 1
Makefile:55: recipe for target 'build/armv7le-debug/src/rail_crossing.o' failed
make: *** [build/armv7le-debug/src/rail_crossing.o] Error 1
10:14:07 **** Incremental Build of configuration armv7le-debug for project rail_crossing ****
make -j4 all 
qcc -Vgcc_ntoarmv7le -c -Wp,-MMD,build/armv7le-debug/src/rail_crossing.d,-MT,build/armv7le-debug/src/rail_crossing.o -o build/armv7le-debug/src/rail_crossing.o  -Wall -fmessage-length=0 -g -O0 -fno-builtin  src/rail_crossing.c
src/rail_crossing.c: In function 'overrideServer':
src/rail_crossing.c:700:91: error: request for member 'ClientID' in something not a structure or union
         printf("\nOverrideServer was told to Detach from ClientID:%d ...\n", override_data.ClientID);
                                                                                           ^
src/rail_crossing.c:706:110: error: request for member 'ClientID' in something not a structure or union
         printf("\nOverrideServer received Detach pulse from ClientID:%d but rejected it ...\n", override_data.ClientID);
                                                                                                              ^
src/rail_crossing.c:738:23: error: request for member 'hdr' in something not a structure or union
      if (override_data.hdr.type == _IO_CONNECT)
                       ^
src/rail_crossing.c:745:23: error: request for member 'hdr' in something not a structure or union
      if (override_data.hdr.type > _IO_BASE && override_data.hdr.type <= _IO_MAX )
                       ^
src/rail_crossing.c:745:60: error: request for member 'hdr' in something not a structure or union
      if (override_data.hdr.type > _IO_BASE && override_data.hdr.type <= _IO_MAX )
                                                            ^
src/rail_crossing.c:766:16: error: 'traffic_control' undeclared (first use in this function)
     startTimer(traffic_control->traffic_timing.timer_id, traffic_control->traffic_timing.yellow_timer_spec);
                ^
src/rail_crossing.c:766:16: note: each undeclared identifier is reported only once for each function it appears in
src/rail_crossing.c:773:6: warning: implicit declaration of function 'printRailState' [-Wimplicit-function-declaration]
      printRailState(rail_data);
      ^
cc: /home/user/qnx700/host/linux/x86_64/usr/lib/gcc/arm-unknown-nto-qnx7.0.0eabi/5.4.0/cc1 error 1
Makefile:55: recipe for target 'build/armv7le-debug/src/rail_crossing.o' failed
make: *** [build/armv7le-debug/src/rail_crossing.o] Error 1
10:14:21 **** Incremental Build of configuration armv7le-debug for project rail_crossing ****
make -j4 all 
qcc -Vgcc_ntoarmv7le -c -Wp,-MMD,build/armv7le-debug/src/rail_crossing.d,-MT,build/armv7le-debug/src/rail_crossing.o -o build/armv7le-debug/src/rail_crossing.o  -Wall -fmessage-length=0 -g -O0 -fno-builtin  src/rail_crossing.c
src/rail_crossing.c: In function 'overrideServer':
src/rail_crossing.c:745:61: error: request for member 'hdr' in something not a structure or union
      if (override_data->hdr.type > _IO_BASE && override_data.hdr.type <= _IO_MAX )
                                                             ^
src/rail_crossing.c:766:16: error: 'traffic_control' undeclared (first use in this function)
     startTimer(traffic_control->traffic_timing.timer_id, traffic_control->traffic_timing.yellow_timer_spec);
                ^
src/rail_crossing.c:766:16: note: each undeclared identifier is reported only once for each function it appears in
src/rail_crossing.c:773:6: warning: implicit declaration of function 'printRailState' [-Wimplicit-function-declaration]
      printRailState(rail_data);
      ^
cc: /home/user/qnx700/host/linux/x86_64/usr/lib/gcc/arm-unknown-nto-qnx7.0.0eabi/5.4.0/cc1 error 1
Makefile:55: recipe for target 'build/armv7le-debug/src/rail_crossing.o' failed
make: *** [build/armv7le-debug/src/rail_crossing.o] Error 1
10:14:31 **** Incremental Build of configuration armv7le-debug for project rail_crossing ****
make -j4 all 
qcc -Vgcc_ntoarmv7le -c -Wp,-MMD,build/armv7le-debug/src/rail_crossing.d,-MT,build/armv7le-debug/src/rail_crossing.o -o build/armv7le-debug/src/rail_crossing.o  -Wall -fmessage-length=0 -g -O0 -fno-builtin  src/rail_crossing.c
src/rail_crossing.c: In function 'overrideServer':
src/rail_crossing.c:766:16: error: 'traffic_control' undeclared (first use in this function)
     startTimer(traffic_control->traffic_timing.timer_id, traffic_control->traffic_timing.yellow_timer_spec);
                ^
src/rail_crossing.c:766:16: note: each undeclared identifier is reported only once for each function it appears in
src/rail_crossing.c:773:6: warning: implicit declaration of function 'printRailState' [-Wimplicit-function-declaration]
      printRailState(rail_data);
      ^
cc: /home/user/qnx700/host/linux/x86_64/usr/lib/gcc/arm-unknown-nto-qnx7.0.0eabi/5.4.0/cc1 error 1
make: *** [build/armv7le-debug/src/rail_crossing.o] Error 1
Makefile:55: recipe for target 'build/armv7le-debug/src/rail_crossing.o' failed
10:16:22 **** Incremental Build of configuration armv7le-debug for project rail_crossing ****
make -j4 all 
qcc -Vgcc_ntoarmv7le -c -Wp,-MMD,build/armv7le-debug/src/rail_crossing.d,-MT,build/armv7le-debug/src/rail_crossing.o -o build/armv7le-debug/src/rail_crossing.o  -Wall -fmessage-length=0 -g -O0 -fno-builtin  src/rail_crossing.c
src/rail_crossing.c: In function 'overrideServer':
src/rail_crossing.c:653:60: error: 'rail_control_data' undeclared (first use in this function)
     struct s_rail_data *rail_data = (struct s_rail_data*) &rail_control_data->rail_data;
                                                            ^
src/rail_crossing.c:653:60: note: each undeclared identifier is reported only once for each function it appears in
src/rail_crossing.c:767:28: error: 'struct s_rail_control' has no member named 'traffic_timing'
     startTimer(rail_control->traffic_timing.timer_id, rail_control->traffic_timing.yellow_timer_spec);
                            ^
src/rail_crossing.c:767:67: error: 'struct s_rail_control' has no member named 'traffic_timing'
     startTimer(rail_control->traffic_timing.timer_id, rail_control->traffic_timing.yellow_timer_spec);
                                                                   ^
src/rail_crossing.c:772:27: error: 'traffic_control' undeclared (first use in this function)
    pthread_rwlock_unlock(&traffic_control->traffic_timing.rwlock);
                           ^
src/rail_crossing.c:774:6: warning: implicit declaration of function 'printRailState' [-Wimplicit-function-declaration]
      printRailState(rail_data);
      ^
cc: /home/user/qnx700/host/linux/x86_64/usr/lib/gcc/arm-unknown-nto-qnx7.0.0eabi/5.4.0/cc1 error 1
Makefile:55: recipe for target 'build/armv7le-debug/src/rail_crossing.o' failed
make: *** [build/armv7le-debug/src/rail_crossing.o] Error 1
10:16:26 **** Incremental Build of configuration armv7le-debug for project rail_crossing ****
make -j4 all 
qcc -Vgcc_ntoarmv7le -c -Wp,-MMD,build/armv7le-debug/src/rail_crossing.d,-MT,build/armv7le-debug/src/rail_crossing.o -o build/armv7le-debug/src/rail_crossing.o  -Wall -fmessage-length=0 -g -O0 -fno-builtin  src/rail_crossing.c
src/rail_crossing.c: In function 'overrideServer':
src/rail_crossing.c:767:28: error: 'struct s_rail_control' has no member named 'traffic_timing'
     startTimer(rail_control->traffic_timing.timer_id, rail_control->traffic_timing.yellow_timer_spec);
                            ^
src/rail_crossing.c:767:67: error: 'struct s_rail_control' has no member named 'traffic_timing'
     startTimer(rail_control->traffic_timing.timer_id, rail_control->traffic_timing.yellow_timer_spec);
                                                                   ^
src/rail_crossing.c:772:27: error: 'traffic_control' undeclared (first use in this function)
    pthread_rwlock_unlock(&traffic_control->traffic_timing.rwlock);
                           ^
src/rail_crossing.c:772:27: note: each undeclared identifier is reported only once for each function it appears in
src/rail_crossing.c:774:6: warning: implicit declaration of function 'printRailState' [-Wimplicit-function-declaration]
      printRailState(rail_data);
      ^
cc: /home/user/qnx700/host/linux/x86_64/usr/lib/gcc/arm-unknown-nto-qnx7.0.0eabi/5.4.0/cc1 error 1
make: *** [build/armv7le-debug/src/rail_crossing.o] Error 1
Makefile:55: recipe for target 'build/armv7le-debug/src/rail_crossing.o' failed
10:16:43 **** Incremental Build of configuration armv7le-debug for project rail_crossing ****
make -j4 all 
qcc -Vgcc_ntoarmv7le -c -Wp,-MMD,build/armv7le-debug/src/rail_crossing.d,-MT,build/armv7le-debug/src/rail_crossing.o -o build/armv7le-debug/src/rail_crossing.o  -Wall -fmessage-length=0 -g -O0 -fno-builtin  src/rail_crossing.c
src/rail_crossing.c: In function 'overrideServer':
src/rail_crossing.c:767:77: error: 'struct s_rail_timing_event' has no member named 'yellow_timer_spec'
     startTimer(rail_control->rail_timing.timer_id, rail_control->rail_timing.yellow_timer_spec);
                                                                             ^
src/rail_crossing.c:772:27: error: 'traffic_control' undeclared (first use in this function)
    pthread_rwlock_unlock(&traffic_control->traffic_timing.rwlock);
                           ^
src/rail_crossing.c:772:27: note: each undeclared identifier is reported only once for each function it appears in
src/rail_crossing.c:774:6: warning: implicit declaration of function 'printRailState' [-Wimplicit-function-declaration]
      printRailState(rail_data);
      ^
cc: /home/user/qnx700/host/linux/x86_64/usr/lib/gcc/arm-unknown-nto-qnx7.0.0eabi/5.4.0/cc1 error 1
make: *** [build/armv7le-debug/src/rail_crossing.o] Error 1
Makefile:55: recipe for target 'build/armv7le-debug/src/rail_crossing.o' failed
10:26:58 **** Incremental Build of configuration armv7le-debug for project rail_crossing ****
make -j4 all 
qcc -Vgcc_ntoarmv7le -c -Wp,-MMD,build/armv7le-debug/src/rail_crossing.d,-MT,build/armv7le-debug/src/rail_crossing.o -o build/armv7le-debug/src/rail_crossing.o  -Wall -fmessage-length=0 -g -O0 -fno-builtin  src/rail_crossing.c
src/rail_crossing.c: In function 'overrideServer':
src/rail_crossing.c:772:27: error: 'traffic_control' undeclared (first use in this function)
    pthread_rwlock_unlock(&traffic_control->traffic_timing.rwlock);
                           ^
src/rail_crossing.c:772:27: note: each undeclared identifier is reported only once for each function it appears in
src/rail_crossing.c:774:6: warning: implicit declaration of function 'printRailState' [-Wimplicit-function-declaration]
      printRailState(rail_data);
      ^
cc: /home/user/qnx700/host/linux/x86_64/usr/lib/gcc/arm-unknown-nto-qnx7.0.0eabi/5.4.0/cc1 error 1
Makefile:55: recipe for target 'build/armv7le-debug/src/rail_crossing.o' failed
make: *** [build/armv7le-debug/src/rail_crossing.o] Error 1
10:27:58 **** Incremental Build of configuration armv7le-debug for project rail_crossing ****
make -j4 all 
qcc -Vgcc_ntoarmv7le -c -Wp,-MMD,build/armv7le-debug/src/rail_crossing.d,-MT,build/armv7le-debug/src/rail_crossing.o -o build/armv7le-debug/src/rail_crossing.o  -Wall -fmessage-length=0 -g -O0 -fno-builtin  src/rail_crossing.c
src/rail_crossing.c: In function 'overrideServer':
src/rail_crossing.c:762:54: error: 'struct s_rail_timing_event' has no member named 'rwlock'
      pthread_rwlock_rdlock(&rail_control->rail_timing.rwlock);
                                                      ^
src/rail_crossing.c:772:52: error: 'struct s_rail_timing_event' has no member named 'rwlock'
    pthread_rwlock_unlock(&rail_control->rail_timing.rwlock);
                                                    ^
src/rail_crossing.c:774:6: warning: implicit declaration of function 'printRailState' [-Wimplicit-function-declaration]
      printRailState(rail_data);
      ^
cc: /home/user/qnx700/host/linux/x86_64/usr/lib/gcc/arm-unknown-nto-qnx7.0.0eabi/5.4.0/cc1 error 1
make: *** [build/armv7le-debug/src/rail_crossing.o] Error 1
Makefile:55: recipe for target 'build/armv7le-debug/src/rail_crossing.o' failed
10:29:31 **** Incremental Build of configuration armv7le-debug for project rail_crossing ****
make -j4 all 
qcc -Vgcc_ntoarmv7le -c -Wp,-MMD,build/armv7le-debug/src/rail_crossing.d,-MT,build/armv7le-debug/src/rail_crossing.o -o build/armv7le-debug/src/rail_crossing.o  -Wall -fmessage-length=0 -g -O0 -fno-builtin  src/rail_crossing.c
src/rail_crossing.c: In function 'overrideServer':
src/rail_crossing.c:776:6: warning: implicit declaration of function 'printRailState' [-Wimplicit-function-declaration]
      printRailState(rail_data);
      ^
qcc -Vgcc_ntoarmv7le -o build/armv7le-debug/rail_crossing   build/armv7le-debug/src/rail_crossing.o  
build/armv7le-debug/src/rail_crossing.o: In function `overrideServer':
/home/user/Desktop/RTSProject/src/rail_crossing//src/rail_crossing.c:776: undefined reference to `printRailState'
cc: /home/user/qnx700/host/linux/x86_64/usr/bin/arm-unknown-nto-qnx7.0.0eabi-ld error 1
Makefile:60: recipe for target 'build/armv7le-debug/rail_crossing' failed
make: *** [build/armv7le-debug/rail_crossing] Error 1
10:29:45 **** Incremental Build of configuration armv7le-debug for project rail_crossing ****
make -j4 all 
qcc -Vgcc_ntoarmv7le -c -Wp,-MMD,build/armv7le-debug/src/rail_crossing.d,-MT,build/armv7le-debug/src/rail_crossing.o -o build/armv7le-debug/src/rail_crossing.o  -Wall -fmessage-length=0 -g -O0 -fno-builtin  src/rail_crossing.c
src/rail_crossing.c: In function 'overrideServer':
src/rail_crossing.c:776:17: error: incompatible type for argument 1 of 'printState'
      printState(rail_data);
                 ^
src/rail_crossing.c:101:6: note: expected 'enum e_STATE' but argument is of type 'struct s_rail_data *'
 void printState(enum e_STATE state);
      ^
cc: /home/user/qnx700/host/linux/x86_64/usr/lib/gcc/arm-unknown-nto-qnx7.0.0eabi/5.4.0/cc1 error 1
make: *** [build/armv7le-debug/src/rail_crossing.o] Error 1
Makefile:55: recipe for target 'build/armv7le-debug/src/rail_crossing.o' failed
10:29:59 **** Incremental Build of configuration armv7le-debug for project rail_crossing ****
make -j4 all 
qcc -Vgcc_ntoarmv7le -c -Wp,-MMD,build/armv7le-debug/src/rail_crossing.d,-MT,build/armv7le-debug/src/rail_crossing.o -o build/armv7le-debug/src/rail_crossing.o  -Wall -fmessage-length=0 -g -O0 -fno-builtin  src/rail_crossing.c
qcc -Vgcc_ntoarmv7le -o build/armv7le-debug/rail_crossing   build/armv7le-debug/src/rail_crossing.o  
10:33:58 **** Incremental Build of configuration armv7le-debug for project rail_crossing ****
make -j4 all 
qcc -Vgcc_ntoarmv7le -c -Wp,-MMD,build/armv7le-debug/src/rail_crossing.d,-MT,build/armv7le-debug/src/rail_crossing.o -o build/armv7le-debug/src/rail_crossing.o  -Wall -fmessage-length=0 -g -O0 -fno-builtin  src/rail_crossing.c
src/rail_crossing.c: In function 'initialiseTimers':
src/rail_crossing.c:314:66: error: 'RAIL_CROSSING_NAME' undeclared (first use in this function)
     printf("%s:  rail timing couldn't ConnectAttach to self!\n", RAIL_CROSSING_NAME);
                                                                  ^
src/rail_crossing.c:314:66: note: each undeclared identifier is reported only once for each function it appears in
src/rail_crossing.c:325:45: error: 'RAIL_TIMER_PULSE_CODE' undeclared (first use in this function)
  rail_timing->rail_timer_event.sigev_code = RAIL_TIMER_PULSE_CODE;
                                             ^
src/rail_crossing.c:326:45: error: 'POLL_TIMER_PULSE_CODE' undeclared (first use in this function)
  rail_timing->poll_timer_event.sigev_code = POLL_TIMER_PULSE_CODE;
                                             ^
src/rail_crossing.c: In function 'railCrossingControl':
src/rail_crossing.c:381:38: error: 'RAIL_TIMER_PULSE_CODE' undeclared (first use in this function)
    if(timing_data->msg.pulse.code == RAIL_TIMER_PULSE_CODE)
                                      ^
src/rail_crossing.c: In function 'sensorPoll':
src/rail_crossing.c:556:43: error: 'POLL_TIMER_PULSE_CODE' undeclared (first use in this function)
    if(timing_data->poll_msg.pulse.code == POLL_TIMER_PULSE_CODE)
                                           ^
cc: /home/user/qnx700/host/linux/x86_64/usr/lib/gcc/arm-unknown-nto-qnx7.0.0eabi/5.4.0/cc1 error 1
Makefile:55: recipe for target 'build/armv7le-debug/src/rail_crossing.o' failed
make: *** [build/armv7le-debug/src/rail_crossing.o] Error 1
10:39:02 **** Incremental Build of configuration armv7le-debug for project rail_crossing ****
make -j4 all 
qcc -Vgcc_ntoarmv7le -c -Wp,-MMD,build/armv7le-debug/src/rail_crossing.d,-MT,build/armv7le-debug/src/rail_crossing.o -o build/armv7le-debug/src/rail_crossing.o  -Wall -fmessage-length=0 -g -O0 -fno-builtin  src/rail_crossing.c
qcc -Vgcc_ntoarmv7le -o build/armv7le-debug/rail_crossing   build/armv7le-debug/src/rail_crossing.o  
10:39:10 **** Incremental Build of configuration armv7le-debug for project rail_crossing ****
make -j4 all 
make: Nothing to be done for 'all'.
10:41:17 **** Incremental Build of configuration armv7le-debug for project rail_crossing ****
make -j4 all 
qcc -Vgcc_ntoarmv7le -c -Wp,-MMD,build/armv7le-debug/src/rail_crossing.d,-MT,build/armv7le-debug/src/rail_crossing.o -o build/armv7le-debug/src/rail_crossing.o  -Wall -fmessage-length=0 -g -O0 -fno-builtin  src/rail_crossing.c
src/rail_crossing.c: In function 'main':
src/rail_crossing.c:189:58: error: 'overrideServer' undeclared (first use in this function)
  pthread_create(&override_thread, &override_thread_attr, overrideServer, &rail_control_data);
                                                          ^
src/rail_crossing.c:189:58: note: each undeclared identifier is reported only once for each function it appears in
cc: /home/user/qnx700/host/linux/x86_64/usr/lib/gcc/arm-unknown-nto-qnx7.0.0eabi/5.4.0/cc1 error 1
Makefile:55: recipe for target 'build/armv7le-debug/src/rail_crossing.o' failed
make: *** [build/armv7le-debug/src/rail_crossing.o] Error 1
10:43:08 **** Incremental Build of configuration armv7le-debug for project rail_crossing ****
make -j4 all 
qcc -Vgcc_ntoarmv7le -c -Wp,-MMD,build/armv7le-debug/src/rail_crossing.d,-MT,build/armv7le-debug/src/rail_crossing.o -o build/armv7le-debug/src/rail_crossing.o  -Wall -fmessage-length=0 -g -O0 -fno-builtin  src/rail_crossing.c
src/rail_crossing.c: In function 'main':
src/rail_crossing.c:189:58: warning: passing argument 3 of 'pthread_create' from incompatible pointer type [-Wincompatible-pointer-types]
  pthread_create(&override_thread, &override_thread_attr, overrideServer, &rail_control_data);
                                                          ^
In file included from src/rail_crossing.c:8:0:
/home/user/qnx700/target/qnx7/usr/include/pthread.h:197:12: note: expected 'void * (*)(void *)' but argument is of type 'void (*)(void *)'
 extern int pthread_create(pthread_t *__thr, const pthread_attr_t *__attr, void *(*__start_routine)(void *), void *__arg);
            ^
src/rail_crossing.c: At top level:
src/rail_crossing.c:662:7: error: conflicting types for 'overrideServer'
 void* overrideServer(void *data)
       ^
src/rail_crossing.c:107:6: note: previous declaration of 'overrideServer' was here
 void overrideServer(void* data);
      ^
cc: /home/user/qnx700/host/linux/x86_64/usr/lib/gcc/arm-unknown-nto-qnx7.0.0eabi/5.4.0/cc1 error 1
Makefile:55: recipe for target 'build/armv7le-debug/src/rail_crossing.o' failed
make: *** [build/armv7le-debug/src/rail_crossing.o] Error 1
10:43:20 **** Incremental Build of configuration armv7le-debug for project rail_crossing ****
make -j4 all 
qcc -Vgcc_ntoarmv7le -c -Wp,-MMD,build/armv7le-debug/src/rail_crossing.d,-MT,build/armv7le-debug/src/rail_crossing.o -o build/armv7le-debug/src/rail_crossing.o  -Wall -fmessage-length=0 -g -O0 -fno-builtin  src/rail_crossing.c
src/rail_crossing.c: In function 'overrideServer':
src/rail_crossing.c:115:1: error: parameter 'server_1_connected_flag' is initialized
 int server_1_connected_flag = 0;
 ^
src/rail_crossing.c:116:1: error: parameter 'server_2_connected_flag' is initialized
 int server_2_connected_flag = 0;
 ^
src/rail_crossing.c:119:1: error: expected '=', ',', ';', 'asm' or '__attribute__' before '{' token
 {
 ^
src/rail_crossing.c:204:1: error: expected '=', ',', ';', 'asm' or '__attribute__' before '{' token
 {
 ^
src/rail_crossing.c:256:1: error: expected '=', ',', ';', 'asm' or '__attribute__' before '{' token
 {
 ^
src/rail_crossing.c:298:1: error: expected '=', ',', ';', 'asm' or '__attribute__' before '{' token
 {
 ^
src/rail_crossing.c:317:1: error: expected '=', ',', ';', 'asm' or '__attribute__' before '{' token
 {
 ^
src/rail_crossing.c:374:1: error: expected '=', ',', ';', 'asm' or '__attribute__' before '{' token
 {
 ^
src/rail_crossing.c:379:1: error: expected '=', ',', ';', 'asm' or '__attribute__' before '{' token
 {
 ^
src/rail_crossing.c:488:1: error: expected '=', ',', ';', 'asm' or '__attribute__' before '{' token
 {
 ^
src/rail_crossing.c:512:1: error: expected '=', ',', ';', 'asm' or '__attribute__' before '{' token
 {
Makefile:55: recipe for target 'build/armv7le-debug/src/rail_crossing.o' failed
 ^
src/rail_crossing.c:552:1: error: expected '=', ',', ';', 'asm' or '__attribute__' before '{' token
 {
 ^
src/rail_crossing.c:663:1: error: expected '=', ',', ';', 'asm' or '__attribute__' before '{' token
 {
 ^
src/rail_crossing.c:804:1: error: expected '=', ',', ';', 'asm' or '__attribute__' before '{' token
 {
 ^
src/rail_crossing.c:829:1: error: expected '=', ',', ';', 'asm' or '__attribute__' before '{' token
 {
 ^
src/rail_crossing.c:838:1: error: expected '=', ',', ';', 'asm' or '__attribute__' before '{' token
 {
 ^
src/rail_crossing.c:107:7: error: old-style parameter declarations in prototyped function definition
 void* overrideServer(void *data)
       ^
src/rail_crossing.c:897:1: error: expected '{' at end of input
 }
 ^
src/rail_crossing.c:897:1: warning: control reaches end of non-void function [-Wreturn-type]
 }
 ^
cc: /home/user/qnx700/host/linux/x86_64/usr/lib/gcc/arm-unknown-nto-qnx7.0.0eabi/5.4.0/cc1 error 1
make: *** [build/armv7le-debug/src/rail_crossing.o] Error 1
10:43:28 **** Incremental Build of configuration armv7le-debug for project rail_crossing ****
make -j4 all 
qcc -Vgcc_ntoarmv7le -c -Wp,-MMD,build/armv7le-debug/src/rail_crossing.d,-MT,build/armv7le-debug/src/rail_crossing.o -o build/armv7le-debug/src/rail_crossing.o  -Wall -fmessage-length=0 -g -O0 -fno-builtin  src/rail_crossing.c
qcc -Vgcc_ntoarmv7le -o build/armv7le-debug/rail_crossing   build/armv7le-debug/src/rail_crossing.o  
10:43:32 **** Incremental Build of configuration armv7le-debug for project rail_crossing ****
make -j4 all 
make: Nothing to be done for 'all'.
10:48:30 **** Incremental Build of configuration armv7le-debug for project rail_crossing ****
make -j4 all 
qcc -Vgcc_ntoarmv7le -c -Wp,-MMD,build/armv7le-debug/src/rail_crossing.d,-MT,build/armv7le-debug/src/rail_crossing.o -o build/armv7le-debug/src/rail_crossing.o  -Wall -fmessage-length=0 -g -O0 -fno-builtin  src/rail_crossing.c
qcc -Vgcc_ntoarmv7le -o build/armv7le-debug/rail_crossing   build/armv7le-debug/src/rail_crossing.o  
